20:32:23 **** Incremental Build of configuration Debug for project Clase 5 Ejercicio 1 - Validacion ****
Info: Internal Builder is used for build
gcc -O0 -g3 -Wall -c -fmessage-length=0 -o "src\\Clase 5 Ejercicio 1 - Validacion.o" "..\\src\\Clase 5 Ejercicio 1 - Validacion.c" 
gcc -o "Clase 5 Ejercicio 1 - Validacion.exe" "src\\Clase 5 Ejercicio 1 - Validacion.o" "src\\validaciones.o" 
Info: Nothing to build for Clase 5 Ejercicio 1 - Validacion
20:40:48 **** Incremental Build of configuration Debug for project Clase 5 Ejercicio 1 - Validacion ****
Info: Internal Builder is used for build
gcc -O0 -g3 -Wall -c -fmessage-length=0 -o "src\\validaciones.o" "..\\src\\validaciones.c" 
..\src\validaciones.c: In function 'getInt':
..\src\validaciones.c:13:3: warning: implicit declaration of function 'printf' [-Wimplicit-function-declaration]
   printf (mensaje);
   ^~~~~~
..\src\validaciones.c:13:3: warning: incompatible implicit declaration of built-in function 'printf'
..\src\validaciones.c:13:3: note: include '<stdio.h>' or provide a declaration of 'printf'
..\src\validaciones.c:14:7: warning: implicit declaration of function 'scanf' [-Wimplicit-function-declaration]
   if (scanf ("%d", &auxNum))
       ^~~~~
..\src\validaciones.c:14:7: warning: incompatible implicit declaration of built-in function 'scanf'
..\src\validaciones.c:14:7: note: include '<stdio.h>' or provide a declaration of 'scanf'
..\src\validaciones.c:16:17: error: expected expression before '=' token
    if (auxNum > = min && auxNum < = maximo)
                 ^
..\src\validaciones.c:16:19: error: 'min' undeclared (first use in this function)
    if (auxNum > = min && auxNum < = maximo)
                   ^~~
..\src\validaciones.c:16:19: note: each undeclared identifier is reported only once for each function it appears in
..\src\validaciones.c:20:4: warning: implicit declaration of function 'fflush' [-Wimplicit-function-declaration]
    fflush (stdin);
    ^~~~~~
..\src\validaciones.c:20:12: error: 'stdin' undeclared (first use in this function)
    fflush (stdin);
            ^~~~~
20:41:07 **** Incremental Build of configuration Debug for project Clase 5 Ejercicio 1 - Validacion ****
Info: Internal Builder is used for build
gcc -O0 -g3 -Wall -c -fmessage-length=0 -o "src\\Clase 5 Ejercicio 1 - Validacion.o" "..\\src\\Clase 5 Ejercicio 1 - Validacion.c" 
gcc -O0 -g3 -Wall -c -fmessage-length=0 -o "src\\validaciones.o" "..\\src\\validaciones.c" 
..\src\validaciones.c: In function 'getInt':
..\src\validaciones.c:13:3: warning: implicit declaration of function 'printf' [-Wimplicit-function-declaration]
   printf (mensaje);
   ^~~~~~
..\src\validaciones.c:13:3: warning: incompatible implicit declaration of built-in function 'printf'
..\src\validaciones.c:13:3: note: include '<stdio.h>' or provide a declaration of 'printf'
..\src\validaciones.c:14:7: warning: implicit declaration of function 'scanf' [-Wimplicit-function-declaration]
   if (scanf ("%d", &auxNum))
       ^~~~~
..\src\validaciones.c:14:7: warning: incompatible implicit declaration of built-in function 'scanf'
..\src\validaciones.c:14:7: note: include '<stdio.h>' or provide a declaration of 'scanf'
..\src\validaciones.c:16:17: error: expected expression before '=' token
    if (auxNum > = minimo && auxNum < = maximo)
                 ^
..\src\validaciones.c:20:4: warning: implicit declaration of function 'fflush' [-Wimplicit-function-declaration]
    fflush (stdin);
    ^~~~~~
..\src\validaciones.c:20:12: error: 'stdin' undeclared (first use in this function)
    fflush (stdin);
            ^~~~~
..\src\validaciones.c:20:12: note: each undeclared identifier is reported only once for each function it appears in
20:41:50 **** Incremental Build of configuration Debug for project Clase 5 Ejercicio 1 - Validacion ****
Info: Internal Builder is used for build
gcc -O0 -g3 -Wall -c -fmessage-length=0 -o "src\\validaciones.o" "..\\src\\validaciones.c" 
..\src\validaciones.c: In function 'getInt':
..\src\validaciones.c:13:3: warning: implicit declaration of function 'printf' [-Wimplicit-function-declaration]
   printf (mensaje);
   ^~~~~~
..\src\validaciones.c:13:3: warning: incompatible implicit declaration of built-in function 'printf'
..\src\validaciones.c:13:3: note: include '<stdio.h>' or provide a declaration of 'printf'
..\src\validaciones.c:14:7: warning: implicit declaration of function 'scanf' [-Wimplicit-function-declaration]
   if (scanf ("%d", &auxNum))
       ^~~~~
..\src\validaciones.c:14:7: warning: incompatible implicit declaration of built-in function 'scanf'
..\src\validaciones.c:14:7: note: include '<stdio.h>' or provide a declaration of 'scanf'
..\src\validaciones.c:16:17: error: expected expression before '=' token
    if (auxNum > = minimo && auxNum < = maximo)
                 ^
..\src\validaciones.c:20:4: warning: implicit declaration of function 'fflush' [-Wimplicit-function-declaration]
    fflush (stdin);
    ^~~~~~
..\src\validaciones.c:20:12: error: 'stdin' undeclared (first use in this function)
    fflush (stdin);
            ^~~~~
..\src\validaciones.c:20:12: note: each undeclared identifier is reported only once for each function it appears in
20:42:28 **** Incremental Build of configuration Debug for project Clase 5 Ejercicio 1 - Validacion ****
Info: Internal Builder is used for build
gcc -O0 -g3 -Wall -c -fmessage-length=0 -o "src\\validaciones.o" "..\\src\\validaciones.c" 
..\src\validaciones.c: In function 'getInt':
..\src\validaciones.c:13:3: warning: implicit declaration of function 'printf' [-Wimplicit-function-declaration]
   printf (mensaje);
   ^~~~~~
..\src\validaciones.c:13:3: warning: incompatible implicit declaration of built-in function 'printf'
..\src\validaciones.c:13:3: note: include '<stdio.h>' or provide a declaration of 'printf'
..\src\validaciones.c:14:7: warning: implicit declaration of function 'scanf' [-Wimplicit-function-declaration]
   if (scanf ("%d", &auxNum))
       ^~~~~
..\src\validaciones.c:14:7: warning: incompatible implicit declaration of built-in function 'scanf'
..\src\validaciones.c:14:7: note: include '<stdio.h>' or provide a declaration of 'scanf'
..\src\validaciones.c:16:17: error: expected expression before '=' token
    if (auxNum > = minimo && auxNum < = maximo)
                 ^
..\src\validaciones.c:20:4: warning: implicit declaration of function 'fflush' [-Wimplicit-function-declaration]
    fflush (stdin);
    ^~~~~~
..\src\validaciones.c:20:12: error: 'stdin' undeclared (first use in this function)
    fflush (stdin);
            ^~~~~
..\src\validaciones.c:20:12: note: each undeclared identifier is reported only once for each function it appears in
20:44:07 **** Incremental Build of configuration Debug for project Clase 5 Ejercicio 1 - Validacion ****
Info: Internal Builder is used for build
gcc -O0 -g3 -Wall -c -fmessage-length=0 -o "src\\validaciones.o" "..\\src\\validaciones.c" 
..\src\validaciones.c: In function 'getInt':
..\src\validaciones.c:18:17: error: expected expression before '=' token
    if (auxNum > = minimo && auxNum < = maximo)
                 ^
20:44:17 **** Incremental Build of configuration Debug for project Clase 5 Ejercicio 1 - Validacion ****
Info: Internal Builder is used for build
gcc -O0 -g3 -Wall -c -fmessage-length=0 -o "src\\Clase 5 Ejercicio 1 - Validacion.o" "..\\src\\Clase 5 Ejercicio 1 - Validacion.c" 
gcc -O0 -g3 -Wall -c -fmessage-length=0 -o "src\\validaciones.o" "..\\src\\validaciones.c" 
gcc -o "Clase 5 Ejercicio 1 - Validacion.exe" "src\\Clase 5 Ejercicio 1 - Validacion.o" "src\\validaciones.o" 
Info: Nothing to build for Clase 5 Ejercicio 1 - Validacion
Info: Nothing to build for Clase 5 Ejercicio 1 - Validacion
Info: Nothing to build for Clase 5 Ejercicio 1 - Validacion
20:46:09 **** Incremental Build of configuration Debug for project Clase 5 Ejercicio 1 - Validacion ****
Info: Internal Builder is used for build
gcc -O0 -g3 -Wall -c -fmessage-length=0 -o "src\\validaciones.o" "..\\src\\validaciones.c" 
gcc -o "Clase 5 Ejercicio 1 - Validacion.exe" "src\\Clase 5 Ejercicio 1 - Validacion.o" "src\\validaciones.o" 
Info: Nothing to build for Clase 5 Ejercicio 1 - Validacion
20:47:02 **** Incremental Build of configuration Debug for project Clase 5 Ejercicio 1 - Validacion ****
Info: Internal Builder is used for build
gcc -O0 -g3 -Wall -c -fmessage-length=0 -o "src\\Clase 5 Ejercicio 1 - Validacion.o" "..\\src\\Clase 5 Ejercicio 1 - Validacion.c" 
gcc -o "Clase 5 Ejercicio 1 - Validacion.exe" "src\\Clase 5 Ejercicio 1 - Validacion.o" "src\\validaciones.o" 
Info: Nothing to build for Clase 5 Ejercicio 1 - Validacion
20:47:32 **** Incremental Build of configuration Debug for project Clase 5 Ejercicio 1 - Validacion ****
Info: Internal Builder is used for build
gcc -O0 -g3 -Wall -c -fmessage-length=0 -o "src\\validaciones.o" "..\\src\\validaciones.c" 
gcc -o "Clase 5 Ejercicio 1 - Validacion.exe" "src\\Clase 5 Ejercicio 1 - Validacion.o" "src\\validaciones.o" 
Info: Nothing to build for Clase 5 Ejercicio 1 - Validacion
20:55:36 **** Incremental Build of configuration Debug for project Clase 5 Ejercicio 1 - Validacion ****
Info: Internal Builder is used for build
gcc -O0 -g3 -Wall -c -fmessage-length=0 -o "src\\validaciones.o" "..\\src\\validaciones.c" 
gcc -o "Clase 5 Ejercicio 1 - Validacion.exe" "src\\Clase 5 Ejercicio 1 - Validacion.o" "src\\validaciones.o" 
Info: Nothing to build for Clase 5 Ejercicio 1 - Validacion
20:57:33 **** Incremental Build of configuration Debug for project Clase 5 Ejercicio 1 - Validacion ****
Info: Internal Builder is used for build
gcc -O0 -g3 -Wall -c -fmessage-length=0 -o "src\\validaciones.o" "..\\src\\validaciones.c" 
gcc -o "Clase 5 Ejercicio 1 - Validacion.exe" "src\\Clase 5 Ejercicio 1 - Validacion.o" "src\\validaciones.o" 
Info: Nothing to build for Clase 5 Ejercicio 1 - Validacion
20:58:46 **** Incremental Build of configuration Debug for project Clase 5 Ejercicio 1 - Validacion ****
Info: Internal Builder is used for build
gcc -O0 -g3 -Wall -c -fmessage-length=0 -o "src\\Clase 5 Ejercicio 1 - Validacion.o" "..\\src\\Clase 5 Ejercicio 1 - Validacion.c" 
..\src\Clase 5 Ejercicio 1 - Validacion.c: In function 'main':
..\src\Clase 5 Ejercicio 1 - Validacion.c:20:6: error: expected expression before 'return'
  if (return == 0)
      ^~~~~~
20:58:49 **** Incremental Build of configuration Debug for project Clase 5 Ejercicio 1 - Validacion ****
Info: Internal Builder is used for build
gcc -O0 -g3 -Wall -c -fmessage-length=0 -o "src\\Clase 5 Ejercicio 1 - Validacion.o" "..\\src\\Clase 5 Ejercicio 1 - Validacion.c" 
..\src\Clase 5 Ejercicio 1 - Validacion.c: In function 'main':
..\src\Clase 5 Ejercicio 1 - Validacion.c:20:6: error: expected expression before 'return'
  if (return == 0)
      ^~~~~~
20:59:18 **** Incremental Build of configuration Debug for project Clase 5 Ejercicio 1 - Validacion ****
Info: Internal Builder is used for build
gcc -O0 -g3 -Wall -c -fmessage-length=0 -o "src\\Clase 5 Ejercicio 1 - Validacion.o" "..\\src\\Clase 5 Ejercicio 1 - Validacion.c" 
..\src\Clase 5 Ejercicio 1 - Validacion.c: In function 'main':
..\src\Clase 5 Ejercicio 1 - Validacion.c:20:2: error: expected ';' before 'if'
  if (getInt(&nroIngresado, "Ingrese el numero del 0 al 10:" , "Error. Ingrese un numero correcto" ,0,10,3))
  ^~
20:59:36 **** Incremental Build of configuration Debug for project Clase 5 Ejercicio 1 - Validacion ****
Info: Internal Builder is used for build
gcc -O0 -g3 -Wall -c -fmessage-length=0 -o "src\\Clase 5 Ejercicio 1 - Validacion.o" "..\\src\\Clase 5 Ejercicio 1 - Validacion.c" 
..\src\Clase 5 Ejercicio 1 - Validacion.c: In function 'main':
..\src\Clase 5 Ejercicio 1 - Validacion.c:20:2: error: expected ';' before 'if'
  if (getInt(&nroIngresado, "Ingrese el numero del 0 al 10:" , "Error. Ingrese un numero correcto" ,0,10,3)==0)
  ^~
21:00:08 **** Incremental Build of configuration Debug for project Clase 5 Ejercicio 1 - Validacion ****
Info: Internal Builder is used for build
gcc -O0 -g3 -Wall -c -fmessage-length=0 -o "src\\Clase 5 Ejercicio 1 - Validacion.o" "..\\src\\Clase 5 Ejercicio 1 - Validacion.c" 
..\src\Clase 5 Ejercicio 1 - Validacion.c: In function 'main':
..\src\Clase 5 Ejercicio 1 - Validacion.c:21:2: error: expected ';' before 'if'
  if (retorno == 0)
  ^~
..\src\Clase 5 Ejercicio 1 - Validacion.c:19:6: warning: variable 'retorno' set but not used [-Wunused-but-set-variable]
  int retorno;
      ^~~~~~~
21:00:16 **** Incremental Build of configuration Debug for project Clase 5 Ejercicio 1 - Validacion ****
Info: Internal Builder is used for build
gcc -O0 -g3 -Wall -c -fmessage-length=0 -o "src\\Clase 5 Ejercicio 1 - Validacion.o" "..\\src\\Clase 5 Ejercicio 1 - Validacion.c" 
gcc -o "Clase 5 Ejercicio 1 - Validacion.exe" "src\\Clase 5 Ejercicio 1 - Validacion.o" "src\\validaciones.o" 
Info: Nothing to build for Clase 5 Ejercicio 1 - Validacion
Info: Nothing to build for Clase 5 Ejercicio 1 - Validacion
Info: Nothing to build for Clase 5 Ejercicio 1 - Validacion
21:04:56 **** Incremental Build of configuration Debug for project Clase 5 Ejercicio 1 - Validacion ****
Info: Internal Builder is used for build
gcc -O0 -g3 -Wall -c -fmessage-length=0 -o "src\\Clase 5 Ejercicio 1 - Validacion.o" "..\\src\\Clase 5 Ejercicio 1 - Validacion.c" 
In file included from ..\src\Clase 5 Ejercicio 1 - Validacion.c:13:0:
..\src\validaciones.h:15:5: error: conflicting types for 'getInt'
 int getInt(float* pNumeroIngresado, char* mensaje, char* mensajeError, int minimo, int maximo, int reintentos);
     ^~~~~~
..\src\validaciones.h:14:5: note: previous declaration of 'getInt' was here
 int getInt(int* pNumeroIngresado, char* mensaje, char* mensajeError, int minimo, int maximo, int reintentos);
     ^~~~~~
..\src\Clase 5 Ejercicio 1 - Validacion.c: In function 'main':
..\src\Clase 5 Ejercicio 1 - Validacion.c:22:18: warning: passing argument 1 of 'getInt' from incompatible pointer type [-Wincompatible-pointer-types]
  rtnInt = getInt(&nroIngresadoInt, "Ingrese un numero entero del 0 al 10:" , "Error. Ingrese un numero correcto" ,0,10,3);
                  ^
In file included from ..\src\Clase 5 Ejercicio 1 - Validacion.c:13:0:
..\src\validaciones.h:15:5: note: expected 'float *' but argument is of type 'int *'
 int getInt(float* pNumeroIngresado, char* mensaje, char* mensajeError, int minimo, int maximo, int reintentos);
     ^~~~~~
..\src\Clase 5 Ejercicio 1 - Validacion.c:33:13: warning: implicit declaration of function 'getFloat' [-Wimplicit-function-declaration]
  rtnFloat = getFloat(&nroIngresadoFloat, "Ingrese el numero flotante del 0 al 10:" , "Error. Ingrese un numero correcto" ,0,10,3);
             ^~~~~~~~
..\src\Clase 5 Ejercicio 1 - Validacion.c:41:37: warning: format '%d' expects argument of type 'int', but argument 2 has type 'double' [-Wformat=]
   printf( "El numero ingresado es: %d", nroIngresadoFloat);
                                     ^
21:05:10 **** Incremental Build of configuration Debug for project Clase 5 Ejercicio 1 - Validacion ****
Info: Internal Builder is used for build
gcc -O0 -g3 -Wall -c -fmessage-length=0 -o "src\\Clase 5 Ejercicio 1 - Validacion.o" "..\\src\\Clase 5 Ejercicio 1 - Validacion.c" 
..\src\Clase 5 Ejercicio 1 - Validacion.c: In function 'main':
..\src\Clase 5 Ejercicio 1 - Validacion.c:41:37: warning: format '%d' expects argument of type 'int', but argument 2 has type 'double' [-Wformat=]
   printf( "El numero ingresado es: %d", nroIngresadoFloat);
                                     ^
gcc -O0 -g3 -Wall -c -fmessage-length=0 -o "src\\validaciones.o" "..\\src\\validaciones.c" 
gcc -o "Clase 5 Ejercicio 1 - Validacion.exe" "src\\Clase 5 Ejercicio 1 - Validacion.o" "src\\validaciones.o" 
21:05:20 **** Incremental Build of configuration Debug for project Clase 5 Ejercicio 1 - Validacion ****
Info: Internal Builder is used for build
gcc -O0 -g3 -Wall -c -fmessage-length=0 -o "src\\Clase 5 Ejercicio 1 - Validacion.o" "..\\src\\Clase 5 Ejercicio 1 - Validacion.c" 
gcc -o "Clase 5 Ejercicio 1 - Validacion.exe" "src\\Clase 5 Ejercicio 1 - Validacion.o" "src\\validaciones.o" 
Info: Nothing to build for Clase 5 Ejercicio 1 - Validacion
21:05:54 **** Incremental Build of configuration Debug for project Clase 5 Ejercicio 1 - Validacion ****
Info: Internal Builder is used for build
gcc -O0 -g3 -Wall -c -fmessage-length=0 -o "src\\Clase 5 Ejercicio 1 - Validacion.o" "..\\src\\Clase 5 Ejercicio 1 - Validacion.c" 
gcc -o "Clase 5 Ejercicio 1 - Validacion.exe" "src\\Clase 5 Ejercicio 1 - Validacion.o" "src\\validaciones.o" 
Info: Nothing to build for Clase 5 Ejercicio 1 - Validacion
21:07:21 **** Incremental Build of configuration Debug for project Clase 5 Ejercicio 1 - Validacion ****
Info: Internal Builder is used for build
gcc -O0 -g3 -Wall -c -fmessage-length=0 -o "src\\Clase 5 Ejercicio 1 - Validacion.o" "..\\src\\Clase 5 Ejercicio 1 - Validacion.c" 
gcc -o "Clase 5 Ejercicio 1 - Validacion.exe" "src\\Clase 5 Ejercicio 1 - Validacion.o" "src\\validaciones.o" 
Info: Nothing to build for Clase 5 Ejercicio 1 - Validacion
21:07:52 **** Incremental Build of configuration Debug for project Clase 5 Ejercicio 1 - Validacion ****
Info: Internal Builder is used for build
gcc -O0 -g3 -Wall -c -fmessage-length=0 -o "src\\validaciones.o" "..\\src\\validaciones.c" 
gcc -o "Clase 5 Ejercicio 1 - Validacion.exe" "src\\Clase 5 Ejercicio 1 - Validacion.o" "src\\validaciones.o" 
c:/mingw/bin/../lib/gcc/mingw32/6.3.0/../../../../mingw32/bin/ld.exe: cannot open output file Clase 5 Ejercicio 1 - Validacion.exe: Permission denied
collect2.exe: error: ld returned 1 exit status
21:07:54 **** Incremental Build of configuration Debug for project Clase 5 Ejercicio 1 - Validacion ****
Info: Internal Builder is used for build
gcc -o "Clase 5 Ejercicio 1 - Validacion.exe" "src\\Clase 5 Ejercicio 1 - Validacion.o" "src\\validaciones.o" 
Info: Nothing to build for Clase 5 Ejercicio 1 - Validacion
